<?xml version="1.0" encoding="UTF-8"?>
<!-- Generated by org.testng.reporters.JUnitXMLReporter -->
<testsuite ignored="0" hostname="LAPTOP-FUN2M76R" failures="0" tests="4" name="Default test" time="19.473" errors="0" timestamp="2025-01-09T13:17:53 IST">
  <testcase classname="test.Text_box_test" name="clickAtClose" time="0.245"/>
  <testcase classname="test.Text_box_test" name="clickAtPractice" time="1.913"/>
  <testcase classname="test.Text_box_test" name="clickAtElement" time="0.192"/>
  <testcase classname="test.Text_box_test" name="clickAtBox" time="0.172"/>
</testsuite> <!-- Default test -->
