<?xml version="1.0" encoding="UTF-8"?>
<testng-results ignored="0" total="4" passed="4" failed="0" skipped="0">
  <reporter-output>
  </reporter-output>
  <suite started-at="2025-01-09T13:17:33 IST" name="Default suite" finished-at="2025-01-09T13:17:52 IST" duration-ms="19473">
    <groups>
    </groups>
    <test started-at="2025-01-09T13:17:33 IST" name="Default test" finished-at="2025-01-09T13:17:52 IST" duration-ms="19473">
      <class name="test.Text_box_test">
        <test-method is-config="true" signature="launcher()[pri:0, instance:test.Text_box_test@4b2bac3f]" started-at="2025-01-09T13:17:33 IST" name="launcher" finished-at="2025-01-09T13:17:50 IST" duration-ms="16820" status="PASS">
          <reporter-output>
          </reporter-output>
        </test-method> <!-- launcher -->
        <test-method signature="clickAtClose()[pri:1, instance:test.Text_box_test@4b2bac3f]" started-at="2025-01-09T13:17:50 IST" name="clickAtClose" finished-at="2025-01-09T13:17:50 IST" duration-ms="245" status="PASS">
          <reporter-output>
          </reporter-output>
        </test-method> <!-- clickAtClose -->
        <test-method signature="clickAtPractice()[pri:2, instance:test.Text_box_test@4b2bac3f]" started-at="2025-01-09T13:17:50 IST" name="clickAtPractice" finished-at="2025-01-09T13:17:52 IST" duration-ms="1913" status="PASS">
          <reporter-output>
          </reporter-output>
        </test-method> <!-- clickAtPractice -->
        <test-method signature="clickAtElement()[pri:3, instance:test.Text_box_test@4b2bac3f]" started-at="2025-01-09T13:17:52 IST" name="clickAtElement" finished-at="2025-01-09T13:17:52 IST" duration-ms="192" status="PASS">
          <reporter-output>
          </reporter-output>
        </test-method> <!-- clickAtElement -->
        <test-method signature="clickAtBox()[pri:4, instance:test.Text_box_test@4b2bac3f]" started-at="2025-01-09T13:17:52 IST" name="clickAtBox" finished-at="2025-01-09T13:17:52 IST" duration-ms="172" status="PASS">
          <reporter-output>
          </reporter-output>
        </test-method> <!-- clickAtBox -->
      </class> <!-- test.Text_box_test -->
    </test> <!-- Default test -->
  </suite> <!-- Default suite -->
</testng-results>
